File:  texture.cpp  Line:1147  Size:116
File:  pigment.cpp  Line: 187  Size:168
File:  texture.cpp  Line:1243  Size:168
File: matrices.cpp  Line:1078  Size:256
File:   camera.cpp  Line: 213  Size:248
File:    parse.cpp  Line: 228  Size:800
File:  texture.cpp  Line:1147  Size:116
File:  pigment.cpp  Line: 187  Size:168
File:  texture.cpp  Line:1243  Size:168
File: matrices.cpp  Line:1078  Size:256
File:   camera.cpp  Line: 213  Size:248
File:    parse.cpp  Line: 228  Size:800
File:    parse.cpp  Line: 228  Size:800
File:    parse.cpp  Line: 228  Size:800
File:    parse.cpp  Line: 228  Size:800
File:  texture.cpp  Line:1147  Size:116
File:  pigment.cpp  Line: 187  Size:168
File:  texture.cpp  Line:1243  Size:168
File: matrices.cpp  Line:1078  Size:256
File:   camera.cpp  Line: 213  Size:248
File:    parse.cpp  Line: 228  Size:800
File:  texture.cpp  Line:1147  Size:116
File:  pigment.cpp  Line: 187  Size:168
File:  texture.cpp  Line:1243  Size:168
File: matrices.cpp  Line:1078  Size:256
File:   camera.cpp  Line: 213  Size:248
File:    parse.cpp  Line: 228  Size:800
